# JRE version: OpenJDK Runtime Environment (8.0_242-b01) (build 1.8.0_242-release-1644-b01)
# Java VM: OpenJDK 64-Bit Server VM (25.242-b01 mixed mode windows-amd64 compressed oops)
Heap:
 PSYoungGen      total 635904K, used 147621K [0x00000000d5580000, 0x0000000100000000, 0x0000000100000000)
  eden space 599552K, 18% used [0x00000000d5580000,0x00000000dc4abff0,0x00000000f9f00000)
  from space 36352K, 92% used [0x00000000fdc80000,0x00000000ffd7d7e8,0x0000000100000000)
  to   space 49664K, 0% used [0x00000000f9f00000,0x00000000f9f00000,0x00000000fcf80000)
 ParOldGen       total 328704K, used 131586K [0x0000000080000000, 0x0000000094100000, 0x00000000d5580000)
  object space 328704K, 40% used [0x0000000080000000,0x00000000880808a8,0x0000000094100000)
 Metaspace       used 120838K, capacity 127594K, committed 127832K, reserved 1161216K
  class space    used 15376K, capacity 16636K, committed 16768K, reserved 1048576K
GC Heap History (10 events):
Event: 8940.208 GC heap before
{Heap before GC invocations=39 (full 4):
 PSYoungGen      total 611840K, used 584312K [0x00000000d5580000, 0x00000000fd680000, 0x0000000100000000)
  eden space 585728K, 99% used [0x00000000d5580000,0x00000000f8e19e00,0x00000000f9180000)
  from space 26112K, 7% used [0x00000000fbd00000,0x00000000fbf04278,0x00000000fd680000)
  to   space 35328K, 0% used [0x00000000f9180000,0x00000000f9180000,0x00000000fb400000)
 ParOldGen       total 214528K, used 180967K [0x0000000080000000, 0x000000008d180000, 0x00000000d5580000)
  object space 214528K, 84% used [0x0000000080000000,0x000000008b0b9e70,0x000000008d180000)
 Metaspace       used 115866K, capacity 121922K, committed 122072K, reserved 1155072K
  class space    used 14857K, capacity 15986K, committed 16128K, reserved 1048576K
Event: 8940.290 GC heap after
Heap after GC invocations=39 (full 4):
 PSYoungGen      total 621056K, used 15568K [0x00000000d5580000, 0x0000000100000000, 0x0000000100000000)
  eden space 585728K, 0% used [0x00000000d5580000,0x00000000d5580000,0x00000000f9180000)
  from space 35328K, 44% used [0x00000000f9180000,0x00000000fa0b4098,0x00000000fb400000)
  to   space 33792K, 0% used [0x00000000fdf00000,0x00000000fdf00000,0x0000000100000000)
 ParOldGen       total 214528K, used 180975K [0x0000000080000000, 0x000000008d180000, 0x00000000d5580000)
  object space 214528K, 84% used [0x0000000080000000,0x000000008b0bbe70,0x000000008d180000)
 Metaspace       used 115866K, capacity 121922K, committed 122072K, reserved 1155072K
  class space    used 14857K, capacity 15986K, committed 16128K, reserved 1048576K
}
Event: 10733.094 GC heap before
{Heap before GC invocations=40 (full 4):
 PSYoungGen      total 621056K, used 601296K [0x00000000d5580000, 0x0000000100000000, 0x0000000100000000)
  eden space 585728K, 100% used [0x00000000d5580000,0x00000000f9180000,0x00000000f9180000)
  from space 35328K, 44% used [0x00000000f9180000,0x00000000fa0b4098,0x00000000fb400000)
  to   space 33792K, 0% used [0x00000000fdf00000,0x00000000fdf00000,0x0000000100000000)
 ParOldGen       total 214528K, used 180975K [0x0000000080000000, 0x000000008d180000, 0x00000000d5580000)
  object space 214528K, 84% used [0x0000000080000000,0x000000008b0bbe70,0x000000008d180000)
 Metaspace       used 117463K, capacity 123824K, committed 124120K, reserved 1157120K
  class space    used 15044K, capacity 16213K, committed 16384K, reserved 1048576K
Event: 10734.845 GC heap after
Heap after GC invocations=40 (full 4):
 PSYoungGen      total 659968K, used 15626K [0x00000000d5580000, 0x00000000ffc80000, 0x0000000100000000)
  eden space 629760K, 0% used [0x00000000d5580000,0x00000000d5580000,0x00000000fbc80000)
  from space 30208K, 51% used [0x00000000fdf00000,0x00000000fee42850,0x00000000ffc80000)
  to   space 32768K, 0% used [0x00000000fbc80000,0x00000000fbc80000,0x00000000fdc80000)
 ParOldGen       total 214528K, used 180983K [0x0000000080000000, 0x000000008d180000, 0x00000000d5580000)
  object space 214528K, 84% used [0x0000000080000000,0x000000008b0bde70,0x000000008d180000)
 Metaspace       used 117463K, capacity 123824K, committed 124120K, reserved 1157120K
  class space    used 15044K, capacity 16213K, committed 16384K, reserved 1048576K
}
Event: 13769.992 GC heap before
{Heap before GC invocations=41 (full 4):
 PSYoungGen      total 659968K, used 645386K [0x00000000d5580000, 0x00000000ffc80000, 0x0000000100000000)
  eden space 629760K, 100% used [0x00000000d5580000,0x00000000fbc80000,0x00000000fbc80000)
  from space 30208K, 51% used [0x00000000fdf00000,0x00000000fee42850,0x00000000ffc80000)
  to   space 32768K, 0% used [0x00000000fbc80000,0x00000000fbc80000,0x00000000fdc80000)
 ParOldGen       total 214528K, used 180983K [0x0000000080000000, 0x000000008d180000, 0x00000000d5580000)
  object space 214528K, 84% used [0x0000000080000000,0x000000008b0bde70,0x000000008d180000)
 Metaspace       used 118043K, capacity 124658K, committed 125016K, reserved 1157120K
  class space    used 15101K, capacity 16312K, committed 16512K, reserved 1048576K
Event: 13772.409 GC heap after
Heap after GC invocations=41 (full 4):
 PSYoungGen      total 662528K, used 32749K [0x00000000d5580000, 0x0000000100000000, 0x0000000100000000)
  eden space 629760K, 0% used [0x00000000d5580000,0x00000000d5580000,0x00000000fbc80000)
  from space 32768K, 99% used [0x00000000fbc80000,0x00000000fdc7b418,0x00000000fdc80000)
  to   space 36352K, 0% used [0x00000000fdc80000,0x00000000fdc80000,0x0000000100000000)
 ParOldGen       total 214528K, used 205079K [0x0000000080000000, 0x000000008d180000, 0x00000000d5580000)
  object space 214528K, 95% used [0x0000000080000000,0x000000008c845fc0,0x000000008d180000)
 Metaspace       used 118043K, capacity 124658K, committed 125016K, reserved 1157120K
  class space    used 15101K, capacity 16312K, committed 16512K, reserved 1048576K
}
Event: 13772.456 GC heap before
{Heap before GC invocations=42 (full 5):
 PSYoungGen      total 662528K, used 32749K [0x00000000d5580000, 0x0000000100000000, 0x0000000100000000)
  eden space 629760K, 0% used [0x00000000d5580000,0x00000000d5580000,0x00000000fbc80000)
  from space 32768K, 99% used [0x00000000fbc80000,0x00000000fdc7b418,0x00000000fdc80000)
  to   space 36352K, 0% used [0x00000000fdc80000,0x00000000fdc80000,0x0000000100000000)
 ParOldGen       total 214528K, used 205079K [0x0000000080000000, 0x000000008d180000, 0x00000000d5580000)
  object space 214528K, 95% used [0x0000000080000000,0x000000008c845fc0,0x000000008d180000)
 Metaspace       used 118043K, capacity 124658K, committed 125016K, reserved 1157120K
  class space    used 15101K, capacity 16312K, committed 16512K, reserved 1048576K
Event: 13820.268 GC heap after
Heap after GC invocations=42 (full 5):
 PSYoungGen      total 662528K, used 0K [0x00000000d5580000, 0x0000000100000000, 0x0000000100000000)
  eden space 629760K, 0% used [0x00000000d5580000,0x00000000d5580000,0x00000000fbc80000)
  from space 32768K, 0% used [0x00000000fbc80000,0x00000000fbc80000,0x00000000fdc80000)
  to   space 36352K, 0% used [0x00000000fdc80000,0x00000000fdc80000,0x0000000100000000)
 ParOldGen       total 328704K, used 127300K [0x0000000080000000, 0x0000000094100000, 0x00000000d5580000)
  object space 328704K, 38% used [0x0000000080000000,0x0000000087c51088,0x0000000094100000)
 Metaspace       used 116930K, capacity 122436K, committed 125016K, reserved 1157120K
  class space    used 14857K, capacity 15874K, committed 16512K, reserved 1048576K
}
Event: 15044.892 GC heap before
{Heap before GC invocations=43 (full 5):
 PSYoungGen      total 662528K, used 629760K [0x00000000d5580000, 0x0000000100000000, 0x0000000100000000)
  eden space 629760K, 100% used [0x00000000d5580000,0x00000000fbc80000,0x00000000fbc80000)
  from space 32768K, 0% used [0x00000000fbc80000,0x00000000fbc80000,0x00000000fdc80000)
  to   space 36352K, 0% used [0x00000000fdc80000,0x00000000fdc80000,0x0000000100000000)
 ParOldGen       total 328704K, used 127300K [0x0000000080000000, 0x0000000094100000, 0x00000000d5580000)
  object space 328704K, 38% used [0x0000000080000000,0x0000000087c51088,0x0000000094100000)
 Metaspace       used 120612K, capacity 127308K, committed 127832K, reserved 1161216K
  class space    used 15356K, capacity 16599K, committed 16768K, reserved 1048576K
Event: 15045.543 GC heap after
Heap after GC invocations=43 (full 5):
 PSYoungGen      total 635904K, used 33781K [0x00000000d5580000, 0x0000000100000000, 0x0000000100000000)
  eden space 599552K, 0% used [0x00000000d5580000,0x00000000d5580000,0x00000000f9f00000)
  from space 36352K, 92% used [0x00000000fdc80000,0x00000000ffd7d7e8,0x0000000100000000)
  to   space 49664K, 0% used [0x00000000f9f00000,0x00000000f9f00000,0x00000000fcf80000)
 ParOldGen       total 328704K, used 131586K [0x0000000080000000, 0x0000000094100000, 0x00000000d5580000)
  object space 328704K, 40% used [0x0000000080000000,0x00000000880808a8,0x0000000094100000)
 Metaspace       used 120612K, capacity 127308K, committed 127832K, reserved 1161216K
  class space    used 15356K, capacity 16599K, committed 16768K, reserved 1048576K
}

